<?xml version="1.0" encoding="UTF-8"?>
<testsuite name="Test-class test"
           tests="2"
           failures="1"
           errors="0"
           skipped="0"
           time="102.095">
  <properties />
            <testcase name="customerChangeUserCreation" time="20.087" classname="customerChange.ChangeUsecase">
                <failure type="org.openqa.selenium.StaleElementReferenceException"
                  message="Element not found in the cache - perhaps the page has changed since it was looked up
Command duration or timeout: 20.03 seconds
For documentation on this error, please visit: http://seleniumhq.org/exceptions/stale_element_reference.html
Build info: version: &apos;2.44.0&apos;, revision: &apos;76d78cf&apos;, time: &apos;2014-10-23 20:03:00&apos;
System info: host: &apos;BBIRADAR-LT&apos;, ip: &apos;10.0.1.105&apos;, os.name: &apos;Windows 8.1&apos;, os.arch: &apos;amd64&apos;, os.version: &apos;6.3&apos;, java.version: &apos;1.8.0_111&apos;
Driver info: org.openqa.selenium.firefox.FirefoxDriver
Capabilities [{applicationCacheEnabled=true, rotatable=false, handlesAlerts=true, databaseEnabled=true, version=35.0.1, platform=WINDOWS, nativeEvents=false, acceptSslCerts=true, webStorageEnabled=true, locationContextEnabled=true, browserName=firefox, takesScreenshot=true, javascriptEnabled=true, cssSelectorsEnabled=true}]
Session ID: e66d635a-c1f1-4b89-b9e6-711c38163c8c"
              >
<![CDATA[org.openqa.selenium.StaleElementReferenceException: Element not found in the cache - perhaps the page has changed since it was looked up
Command duration or timeout: 20.03 seconds
For documentation on this error, please visit: http://seleniumhq.org/exceptions/stale_element_reference.html
Build info: version: '2.44.0', revision: '76d78cf', time: '2014-10-23 20:03:00'
System info: host: 'BBIRADAR-LT', ip: '10.0.1.105', os.name: 'Windows 8.1', os.arch: 'amd64', os.version: '6.3', java.version: '1.8.0_111'
Driver info: org.openqa.selenium.firefox.FirefoxDriver
Capabilities [{applicationCacheEnabled=true, rotatable=false, handlesAlerts=true, databaseEnabled=true, version=35.0.1, platform=WINDOWS, nativeEvents=false, acceptSslCerts=true, webStorageEnabled=true, locationContextEnabled=true, browserName=firefox, takesScreenshot=true, javascriptEnabled=true, cssSelectorsEnabled=true}]
Session ID: e66d635a-c1f1-4b89-b9e6-711c38163c8c
  sun.reflect.NativeConstructorAccessorImpl.newInstance0(Native Method)
  sun.reflect.NativeConstructorAccessorImpl.newInstance(Unknown Source)
  sun.reflect.DelegatingConstructorAccessorImpl.newInstance(Unknown Source)
  java.lang.reflect.Constructor.newInstance(Unknown Source)
  org.openqa.selenium.remote.ErrorHandler.createThrowable(ErrorHandler.java:204)
  org.openqa.selenium.remote.ErrorHandler.throwIfResponseFailed(ErrorHandler.java:156)
  org.openqa.selenium.remote.RemoteWebDriver.execute(RemoteWebDriver.java:599)
  org.openqa.selenium.remote.RemoteWebElement.execute(RemoteWebElement.java:268)
  org.openqa.selenium.remote.RemoteWebElement.click(RemoteWebElement.java:79)
  customerChange.ChangeUsecase.customerChangeUserCreation(ChangeUsecase.java:78)
  sun.reflect.NativeMethodAccessorImpl.invoke0(Native Method)
  sun.reflect.NativeMethodAccessorImpl.invoke(Unknown Source)
  sun.reflect.DelegatingMethodAccessorImpl.invoke(Unknown Source)
  java.lang.reflect.Method.invoke(Unknown Source)
  org.testng.internal.MethodInvocationHelper.invokeMethod(MethodInvocationHelper.java:84)
  org.testng.internal.Invoker.invokeMethod(Invoker.java:714)
  org.testng.internal.Invoker.invokeTestMethod(Invoker.java:901)
  org.testng.internal.Invoker.invokeTestMethods(Invoker.java:1231)
  org.testng.internal.TestMethodWorker.invokeTestMethods(TestMethodWorker.java:127)
  org.testng.internal.TestMethodWorker.run(TestMethodWorker.java:111)
  java.util.concurrent.ThreadPoolExecutor.runWorker(Unknown Source)
  java.util.concurrent.ThreadPoolExecutor$Worker.run(Unknown Source)
  java.lang.Thread.run(Unknown Source)
Caused by: org.openqa.selenium.StaleElementReferenceException: Element not found in the cache - perhaps the page has changed since it was looked up
For documentation on this error, please visit: http://seleniumhq.org/exceptions/stale_element_reference.html
Build info: version: '2.44.0', revision: '76d78cf', time: '2014-10-23 20:03:00'
System info: host: 'BBIRADAR-LT', ip: '10.0.1.105', os.name: 'Windows 8.1', os.arch: 'amd64', os.version: '6.3', java.version: '1.8.0_111'
Driver info: driver.version: unknown
  <anonymous class>.fxdriver.cache.getElementAt(resource://fxdriver/modules/web-element-cache.js:8329:1)
  <anonymous class>.Utils.getElementAt(file:///C:/Users/bbiradar/AppData/Local/Temp/anonymous4383397753637320668webdriver-profile/extensions/fxdriver@googlecode.com/components/command-processor.js:7922:10)
  <anonymous class>.fxdriver.preconditions.visible(file:///C:/Users/bbiradar/AppData/Local/Temp/anonymous4383397753637320668webdriver-profile/extensions/fxdriver@googlecode.com/components/command-processor.js:8957:11)
  <anonymous class>.DelayedCommand.prototype.checkPreconditions_(file:///C:/Users/bbiradar/AppData/Local/Temp/anonymous4383397753637320668webdriver-profile/extensions/fxdriver@googlecode.com/components/command-processor.js:11618:15)
  <anonymous class>.DelayedCommand.prototype.executeInternal_/h(file:///C:/Users/bbiradar/AppData/Local/Temp/anonymous4383397753637320668webdriver-profile/extensions/fxdriver@googlecode.com/components/command-processor.js:11635:11)
  <anonymous class>.fxdriver.Timer.prototype.setTimeout/<.notify(file:///C:/Users/bbiradar/AppData/Local/Temp/anonymous4383397753637320668webdriver-profile/extensions/fxdriver@googlecode.com/components/command-processor.js:548:5)
]]>
      </failure>

          </testcase>
  
  
            <testcase name="customerChangeMasterData" time="82.008" classname="customerChange.ChangeUsecase" />
      
</testsuite>
